<?xml version="1.0" encoding="UTF-8"?>
<testsuite xmlns:xsi="http://www.w3.org/2001/XMLSchema-instance" xsi:schemaLocation="https://maven.apache.org/surefire/maven-surefire-plugin/xsd/surefire-test-report.xsd" name="com.junit5.recipes.demoexception.ExpectExceptionTest" time="0.08" tests="1" errors="0" skipped="0" failures="1">
  <properties>
[...]
</properties>
  <testcase name="myFirstTest" classname="com.junit5.recipes.demoexception.ExpectExceptionTest" time="0.04">
    <failure message="expected: &lt;Invalid parametercount: expected=3, passed=0&gt; but was: &lt;Invalid parametercount: expected=3, passed=2&gt;" type="org.opentest4j.AssertionFailedError"><![CDATA[org.opentest4j.AssertionFailedError: expected: <Invalid parametercount: expected=3, passed=0> but was: <Invalid parametercount: expected=3, passed=2>
	at com.junit5.recipes.demoexception.ExpectExceptionTest.myFirstTest(ExpectExceptionTest.java:29)
]]></failure>
  </testcase>
</testsuite>